{"contracts\\Raffle.sol":{"l":{"53":3,"54":3,"55":3,"56":3,"57":3,"58":3,"59":3,"60":3,"64":5,"65":1,"67":4,"68":1,"70":3,"72":3,"78":1,"79":1,"80":1,"81":1,"82":1,"83":1,"87":1,"89":1,"90":0,"96":1,"97":1,"105":1,"109":0,"110":0,"111":0,"112":0,"113":0,"114":0,"115":0,"117":0,"118":0,"120":0,"126":1,"130":0,"134":0,"138":0,"142":1,"146":0,"150":5,"154":5,"158":0},"path":"C:\\Users\\DELL\\Desktop\\solidity\\hardhat-smartcontract-lottery-fcc\\contracts\\Raffle.sol","s":{"1":3,"2":3,"3":3,"4":3,"5":3,"6":3,"7":3,"8":3,"9":5,"10":4,"11":3,"12":3,"13":1,"14":1,"15":1,"16":1,"17":1,"18":1,"19":1,"20":1,"21":1,"22":1,"23":1,"24":0,"25":0,"26":0,"27":0,"28":0,"29":0,"30":0,"31":0,"32":0,"33":1,"34":0,"35":0,"36":0,"37":1,"38":0,"39":5,"40":5,"41":0},"b":{"1":[1,4],"2":[1,3],"3":[0,1],"4":[0,0]},"f":{"1":3,"2":5,"3":1,"4":1,"5":0,"6":1,"7":0,"8":0,"9":0,"10":1,"11":0,"12":5,"13":5,"14":0},"fnMap":{"1":{"name":"constructor","line":52,"loc":{"start":{"line":45,"column":4},"end":{"line":61,"column":4}}},"2":{"name":"enterRaffle","line":63,"loc":{"start":{"line":63,"column":4},"end":{"line":73,"column":4}}},"3":{"name":"checkUpkeep","line":75,"loc":{"start":{"line":75,"column":4},"end":{"line":84,"column":4}}},"4":{"name":"performUpkeep","line":86,"loc":{"start":{"line":86,"column":4},"end":{"line":106,"column":4}}},"5":{"name":"fulfillRandomWords","line":108,"loc":{"start":{"line":108,"column":4},"end":{"line":121,"column":4}}},"6":{"name":"getRaffleState","line":125,"loc":{"start":{"line":125,"column":4},"end":{"line":127,"column":4}}},"7":{"name":"getNumWords","line":129,"loc":{"start":{"line":129,"column":4},"end":{"line":131,"column":4}}},"8":{"name":"getRequestConfirmations","line":133,"loc":{"start":{"line":133,"column":4},"end":{"line":135,"column":4}}},"9":{"name":"getRecentWinner","line":137,"loc":{"start":{"line":137,"column":4},"end":{"line":139,"column":4}}},"10":{"name":"getPlayer","line":141,"loc":{"start":{"line":141,"column":4},"end":{"line":143,"column":4}}},"11":{"name":"getLastTimeStamp","line":145,"loc":{"start":{"line":145,"column":4},"end":{"line":147,"column":4}}},"12":{"name":"getInterval","line":149,"loc":{"start":{"line":149,"column":4},"end":{"line":151,"column":4}}},"13":{"name":"getEntranceFee","line":153,"loc":{"start":{"line":153,"column":4},"end":{"line":155,"column":4}}},"14":{"name":"getNumberOfPlayers","line":157,"loc":{"start":{"line":157,"column":4},"end":{"line":159,"column":4}}}},"statementMap":{"1":{"start":{"line":53,"column":8},"end":{"line":53,"column":69}},"2":{"start":{"line":54,"column":8},"end":{"line":54,"column":26}},"3":{"start":{"line":55,"column":8},"end":{"line":55,"column":28}},"4":{"start":{"line":56,"column":8},"end":{"line":56,"column":40}},"5":{"start":{"line":57,"column":8},"end":{"line":57,"column":34}},"6":{"start":{"line":58,"column":8},"end":{"line":58,"column":39}},"7":{"start":{"line":59,"column":8},"end":{"line":59,"column":40}},"8":{"start":{"line":60,"column":8},"end":{"line":60,"column":44}},"9":{"start":{"line":64,"column":8},"end":{"line":64,"column":2232}},"10":{"start":{"line":67,"column":8},"end":{"line":67,"column":2338}},"11":{"start":{"line":70,"column":8},"end":{"line":70,"column":42}},"12":{"start":{"line":72,"column":8},"end":{"line":72,"column":36}},"13":{"start":{"line":78,"column":8},"end":{"line":78,"column":55}},"14":{"start":{"line":79,"column":8},"end":{"line":79,"column":76}},"15":{"start":{"line":80,"column":8},"end":{"line":80,"column":46}},"16":{"start":{"line":81,"column":8},"end":{"line":81,"column":51}},"17":{"start":{"line":82,"column":8},"end":{"line":82,"column":72}},"18":{"start":{"line":83,"column":8},"end":{"line":83,"column":36}},"19":{"start":{"line":87,"column":8},"end":{"line":87,"column":47}},"20":{"start":{"line":89,"column":8},"end":{"line":89,"column":3203}},"21":{"start":{"line":96,"column":8},"end":{"line":96,"column":46}},"22":{"start":{"line":97,"column":8},"end":{"line":97,"column":3471}},"23":{"start":{"line":105,"column":8},"end":{"line":105,"column":45}},"24":{"start":{"line":109,"column":8},"end":{"line":109,"column":65}},"25":{"start":{"line":110,"column":8},"end":{"line":110,"column":63}},"26":{"start":{"line":111,"column":8},"end":{"line":111,"column":36}},"27":{"start":{"line":112,"column":8},"end":{"line":112,"column":43}},"28":{"start":{"line":113,"column":8},"end":{"line":113,"column":39}},"29":{"start":{"line":114,"column":8},"end":{"line":114,"column":40}},"30":{"start":{"line":115,"column":8},"end":{"line":115,"column":78}},"31":{"start":{"line":117,"column":8},"end":{"line":117,"column":4284}},"32":{"start":{"line":120,"column":8},"end":{"line":120,"column":39}},"33":{"start":{"line":126,"column":8},"end":{"line":126,"column":28}},"34":{"start":{"line":130,"column":8},"end":{"line":130,"column":24}},"35":{"start":{"line":134,"column":8},"end":{"line":134,"column":36}},"36":{"start":{"line":138,"column":8},"end":{"line":138,"column":29}},"37":{"start":{"line":142,"column":8},"end":{"line":142,"column":31}},"38":{"start":{"line":146,"column":8},"end":{"line":146,"column":30}},"39":{"start":{"line":150,"column":8},"end":{"line":150,"column":25}},"40":{"start":{"line":154,"column":8},"end":{"line":154,"column":28}},"41":{"start":{"line":158,"column":8},"end":{"line":158,"column":31}}},"branchMap":{"1":{"line":64,"type":"if","locations":[{"start":{"line":64,"column":8},"end":{"line":64,"column":8}},{"start":{"line":64,"column":8},"end":{"line":64,"column":8}}]},"2":{"line":67,"type":"if","locations":[{"start":{"line":67,"column":8},"end":{"line":67,"column":8}},{"start":{"line":67,"column":8},"end":{"line":67,"column":8}}]},"3":{"line":89,"type":"if","locations":[{"start":{"line":89,"column":8},"end":{"line":89,"column":8}},{"start":{"line":89,"column":8},"end":{"line":89,"column":8}}]},"4":{"line":117,"type":"if","locations":[{"start":{"line":117,"column":8},"end":{"line":117,"column":8}},{"start":{"line":117,"column":8},"end":{"line":117,"column":8}}]}}},"contracts\\test\\VRFCoordinatorV2Mock.sol":{"l":{},"path":"C:\\Users\\DELL\\Desktop\\solidity\\hardhat-smartcontract-lottery-fcc\\contracts\\test\\VRFCoordinatorV2Mock.sol","s":{},"b":{},"f":{},"fnMap":{},"statementMap":{},"branchMap":{}}}